[2019-01-15 17:26:24,597] multiqc                                            [DEBUG  ]  No MultiQC config found: /opt/miniconda3/lib/python3.6/site-packages/multiqc_config.yaml
[2019-01-15 17:26:24,597] multiqc                                            [DEBUG  ]  No MultiQC config found: /home/sromanick/.multiqc_config.yaml
[2019-01-15 17:26:24,597] multiqc                                            [DEBUG  ]  No MultiQC config found: multiqc_config.yaml
[2019-01-15 17:26:24,597] multiqc                                            [DEBUG  ]  Command used: /opt/miniconda3/bin/multiqc .
[2019-01-15 17:26:25,506] multiqc                                            [WARNING]  MultiQC Version v1.7 now available!
[2019-01-15 17:26:25,506] multiqc                                            [INFO   ]  This is MultiQC v1.6
[2019-01-15 17:26:25,506] multiqc                                            [DEBUG  ]  Command     : /opt/miniconda3/bin/multiqc .
[2019-01-15 17:26:25,506] multiqc                                            [DEBUG  ]  Working dir : /home/sromanick/work/trim
[2019-01-15 17:26:25,506] multiqc                                            [INFO   ]  Template    : default
[2019-01-15 17:26:25,507] multiqc                                            [INFO   ]  Searching '.'
[2019-01-15 17:26:25,507] multiqc                                            [DEBUG  ]  Analysing modules: custom_content, conpair, peddy, methylQA, qualimap, preseq, quast, qorts, rna_seqc, rsem, rseqc, busco, goleft_indexcov, disambiguate, supernova, deeptools, sargasso, verifybamid, mirtrace, happy, homer, macs2, theta2, snpeff, gatk, htseq, bcftools, featureCounts, dedup, picard, prokka, samblaster, samtools, bamtools, jellyfish, vcftools, longranger, bbmap, bismark, hicexplorer, hicup, hicpro, salmon, kallisto, slamdunk, star, hisat2, tophat, bowtie2, bowtie1, kat, leehom, adapterRemoval, clipandmerge, cutadapt, flexbar, trimmomatic, skewer, sortmerna, biobloomtools, fastq_screen, afterqc, fastp, fastqc, clusterflow, bcl2fastq, interop
[2019-01-15 17:26:25,507] multiqc                                            [DEBUG  ]  Using temporary directory for creating report: /tmp/tmpvy6x5y0i
[2019-01-15 17:26:25,547] multiqc                                            [DEBUG  ]  Ignoring file as matched an ignore pattern: 6Hour_CGATGT_L002_R2_003.fastq
[2019-01-15 17:26:25,547] multiqc                                            [DEBUG  ]  Ignoring file as matched an ignore pattern: 0Hour_ATCACG_L002_R2_005.fastq
[2019-01-15 17:26:25,547] multiqc                                            [DEBUG  ]  Ignoring file as matched an ignore pattern: 0Hour_ATCACG_L002_R1_003.fastq
[2019-01-15 17:26:25,547] multiqc                                            [DEBUG  ]  Ignoring file as matched an ignore pattern: 6Hour_CGATGT_L002_R2_001.fastq
[2019-01-15 17:26:25,554] multiqc                                            [DEBUG  ]  Ignoring file as matched an ignore pattern: 0Hour_ATCACG_L002_R1_004.qc.fq.gz
[2019-01-15 17:26:25,555] multiqc                                            [DEBUG  ]  Ignoring file as matched an ignore pattern: 6Hour_CGATGT_L002_R1_003.fastq
[2019-01-15 17:26:25,555] multiqc                                            [DEBUG  ]  Ignoring file as matched an ignore pattern: 6Hour_CGATGT_L002_R2_002.fastq
[2019-01-15 17:26:25,555] multiqc                                            [DEBUG  ]  Ignoring file as matched an ignore pattern: 6Hour_CGATGT_L002_R1_002.qc.fq.gz
[2019-01-15 17:26:25,555] multiqc                                            [DEBUG  ]  Ignoring file as matched an ignore pattern: 6Hour_CGATGT_L002_R1_004.fastq
[2019-01-15 17:26:25,555] multiqc                                            [DEBUG  ]  Ignoring file as matched an ignore pattern: 6Hour_CGATGT_L002_R1_001.fastq
[2019-01-15 17:26:25,556] multiqc                                            [DEBUG  ]  Ignoring file as matched an ignore pattern: 0Hour_ATCACG_L002_R1_003.qc_fastqc.html
[2019-01-15 17:26:25,556] multiqc                                            [DEBUG  ]  Ignoring file as matched an ignore pattern: 6Hour_CGATGT_L002_R2_005.qc_fastqc.html
[2019-01-15 17:26:25,556] multiqc                                            [DEBUG  ]  Ignoring file as matched an ignore pattern: 0Hour_ATCACG_L002_R2_004.qc.fq.gz
[2019-01-15 17:26:25,556] multiqc                                            [DEBUG  ]  Ignoring file as matched an ignore pattern: 6Hour_CGATGT_L002_R2_004.qc.fq.gz
[2019-01-15 17:26:25,556] multiqc                                            [DEBUG  ]  Ignoring file as matched an ignore pattern: combined.fa
[2019-01-15 17:26:25,557] multiqc                                            [DEBUG  ]  Ignoring file as matched an ignore pattern: 0Hour_ATCACG_L002_R1_003.qc.fq.gz
[2019-01-15 17:26:25,557] multiqc                                            [DEBUG  ]  Ignoring file as matched an ignore pattern: 0Hour_ATCACG_L002_R1_001.fastq
[2019-01-15 17:26:25,557] multiqc                                            [DEBUG  ]  Ignoring file as matched an ignore pattern: 0Hour_ATCACG_L002_R1_005.qc.fq.gz
[2019-01-15 17:26:25,558] multiqc                                            [DEBUG  ]  Ignoring file as matched an ignore pattern: 6Hour_CGATGT_L002_R2_004.fastq
[2019-01-15 17:26:25,558] multiqc                                            [DEBUG  ]  Ignoring file as matched an ignore pattern: 0Hour_ATCACG_L002_R2_005.qc.fq.gz
[2019-01-15 17:26:25,558] multiqc                                            [DEBUG  ]  Ignoring file as matched an ignore pattern: 6Hour_CGATGT_L002_R1_005.fastq
[2019-01-15 17:26:25,559] multiqc                                            [DEBUG  ]  Ignoring file as matched an ignore pattern: 0Hour_ATCACG_L002_R2_001.qc.fq.gz
[2019-01-15 17:26:25,559] multiqc                                            [DEBUG  ]  Ignoring file as matched an ignore pattern: 0Hour_ATCACG_L002_R2_004.qc_fastqc.html
[2019-01-15 17:26:25,559] multiqc                                            [DEBUG  ]  Ignoring file as matched an ignore pattern: 6Hour_CGATGT_L002_R1_005.qc.fq.gz
[2019-01-15 17:26:25,560] multiqc                                            [DEBUG  ]  Ignoring file as matched an ignore pattern: 6Hour_CGATGT_L002_R1_002.qc_fastqc.html
[2019-01-15 17:26:25,561] multiqc                                            [DEBUG  ]  Ignoring file as matched an ignore pattern: 0Hour_ATCACG_L002_R2_005.qc_fastqc.html
[2019-01-15 17:26:25,561] multiqc                                            [DEBUG  ]  Ignoring file as matched an ignore pattern: 6Hour_CGATGT_L002_R1_003.qc.fq.gz
[2019-01-15 17:26:25,562] multiqc                                            [DEBUG  ]  Ignoring file as matched an ignore pattern: 0Hour_ATCACG_L002_R1_002.qc.fq.gz
[2019-01-15 17:26:25,562] multiqc                                            [DEBUG  ]  Ignoring file as matched an ignore pattern: orphans.qc.fq.gz
[2019-01-15 17:26:25,563] multiqc                                            [DEBUG  ]  Ignoring file as matched an ignore pattern: 6Hour_CGATGT_L002_R1_001.qc_fastqc.html
[2019-01-15 17:26:25,563] multiqc                                            [DEBUG  ]  Ignoring file as matched an ignore pattern: 6Hour_CGATGT_L002_R2_001.qc_fastqc.html
[2019-01-15 17:26:25,563] multiqc                                            [DEBUG  ]  Ignoring file as matched an ignore pattern: 6Hour_CGATGT_L002_R2_002.qc_fastqc.html
[2019-01-15 17:26:25,564] multiqc                                            [DEBUG  ]  Ignoring file as matched an ignore pattern: 0Hour_ATCACG_L002_R2_003.qc_fastqc.html
[2019-01-15 17:26:25,564] multiqc                                            [DEBUG  ]  Ignoring file as matched an ignore pattern: 6Hour_CGATGT_L002_R2_003.qc.fq.gz
[2019-01-15 17:26:25,564] multiqc                                            [DEBUG  ]  Ignoring file as matched an ignore pattern: 6Hour_CGATGT_L002_R2_001.qc.fq.gz
[2019-01-15 17:26:25,564] multiqc                                            [DEBUG  ]  Ignoring file as matched an ignore pattern: 6Hour_CGATGT_L002_R1_002.fastq
[2019-01-15 17:26:25,565] multiqc                                            [DEBUG  ]  Ignoring file as matched an ignore pattern: 0Hour_ATCACG_L002_R1_002.qc_fastqc.html
[2019-01-15 17:26:25,565] multiqc                                            [DEBUG  ]  Ignoring file as matched an ignore pattern: 0Hour_ATCACG_L002_R2_001.qc_fastqc.html
[2019-01-15 17:26:25,565] multiqc                                            [DEBUG  ]  Ignoring file as matched an ignore pattern: 6Hour_CGATGT_L002_R2_003.qc_fastqc.html
[2019-01-15 17:26:25,565] multiqc                                            [DEBUG  ]  Ignoring file as matched an ignore pattern: 0Hour_ATCACG_L002_R1_004.fastq
[2019-01-15 17:26:25,565] multiqc                                            [DEBUG  ]  Ignoring file as matched an ignore pattern: 6Hour_CGATGT_L002_R2_004.qc_fastqc.html
[2019-01-15 17:26:25,566] multiqc                                            [DEBUG  ]  Ignoring file as matched an ignore pattern: 0Hour_ATCACG_L002_R1_004.qc_fastqc.html
[2019-01-15 17:26:25,566] multiqc                                            [DEBUG  ]  Ignoring file as matched an ignore pattern: 0Hour_ATCACG_L002_R1_005.qc_fastqc.html
[2019-01-15 17:26:25,567] multiqc                                            [DEBUG  ]  Ignoring file as matched an ignore pattern: 0Hour_ATCACG_L002_R1_002.fastq
[2019-01-15 17:26:25,567] multiqc                                            [DEBUG  ]  Ignoring file as matched an ignore pattern: 0Hour_ATCACG_L002_R2_003.qc.fq.gz
[2019-01-15 17:26:25,567] multiqc                                            [DEBUG  ]  Ignoring file as matched an ignore pattern: 6Hour_CGATGT_L002_R1_001.qc.fq.gz
[2019-01-15 17:26:25,567] multiqc                                            [DEBUG  ]  Ignoring file as matched an ignore pattern: 0Hour_ATCACG_L002_R1_001.qc.fq.gz
[2019-01-15 17:26:25,568] multiqc                                            [DEBUG  ]  Ignoring file as matched an ignore pattern: 6Hour_CGATGT_L002_R2_005.fastq
[2019-01-15 17:26:25,568] multiqc                                            [DEBUG  ]  Ignoring file as matched an ignore pattern: 0Hour_ATCACG_L002_R2_003.fastq
[2019-01-15 17:26:25,568] multiqc                                            [DEBUG  ]  Ignoring file as matched an ignore pattern: 0Hour_ATCACG_L002_R2_002.qc_fastqc.html
[2019-01-15 17:26:25,568] multiqc                                            [DEBUG  ]  Ignoring file as matched an ignore pattern: 0Hour_ATCACG_L002_R2_002.qc.fq.gz
[2019-01-15 17:26:25,569] multiqc                                            [DEBUG  ]  Ignoring file as matched an ignore pattern: 0Hour_ATCACG_L002_R2_004.fastq
[2019-01-15 17:26:25,569] multiqc                                            [DEBUG  ]  Ignoring file as matched an ignore pattern: 6Hour_CGATGT_L002_R2_002.qc.fq.gz
[2019-01-15 17:26:25,569] multiqc                                            [DEBUG  ]  Ignoring file as matched an ignore pattern: 0Hour_ATCACG_L002_R2_002.fastq
[2019-01-15 17:26:25,569] multiqc                                            [DEBUG  ]  Ignoring file as matched an ignore pattern: 0Hour_ATCACG_L002_R1_001.qc_fastqc.html
[2019-01-15 17:26:25,570] multiqc                                            [DEBUG  ]  Ignoring file as matched an ignore pattern: 6Hour_CGATGT_L002_R1_005.qc_fastqc.html
[2019-01-15 17:26:25,570] multiqc                                            [DEBUG  ]  Ignoring file as matched an ignore pattern: 6Hour_CGATGT_L002_R2_005.qc.fq.gz
[2019-01-15 17:26:25,570] multiqc                                            [DEBUG  ]  Ignoring file as matched an ignore pattern: 6Hour_CGATGT_L002_R1_004.qc_fastqc.html
[2019-01-15 17:26:25,570] multiqc                                            [DEBUG  ]  Ignoring file as matched an ignore pattern: 0Hour_ATCACG_L002_R1_005.fastq
[2019-01-15 17:26:25,571] multiqc                                            [DEBUG  ]  Ignoring file as matched an ignore pattern: 6Hour_CGATGT_L002_R1_004.qc.fq.gz
[2019-01-15 17:26:25,571] multiqc                                            [DEBUG  ]  Ignoring file as matched an ignore pattern: 0Hour_ATCACG_L002_R2_001.fastq
[2019-01-15 17:26:25,571] multiqc                                            [DEBUG  ]  Ignoring file as matched an ignore pattern: 6Hour_CGATGT_L002_R1_003.qc_fastqc.html
[2019-01-15 17:26:25,824] multiqc                                            [DEBUG  ]  No samples found: custom_content
[2019-01-15 17:26:25,828] multiqc                                            [DEBUG  ]  No samples found: conpair
[2019-01-15 17:26:25,853] multiqc                                            [DEBUG  ]  No samples found: peddy
[2019-01-15 17:26:25,857] multiqc                                            [DEBUG  ]  No samples found: methylQA
[2019-01-15 17:26:25,862] multiqc                                            [DEBUG  ]  No samples found: qualimap
[2019-01-15 17:26:25,866] multiqc                                            [DEBUG  ]  No samples found: preseq
[2019-01-15 17:26:25,871] multiqc                                            [DEBUG  ]  No samples found: quast
[2019-01-15 17:26:25,875] multiqc                                            [DEBUG  ]  No samples found: qorts
[2019-01-15 17:26:25,879] multiqc                                            [DEBUG  ]  No samples found: rna_seqc
[2019-01-15 17:26:25,883] multiqc                                            [DEBUG  ]  No samples found: rsem
[2019-01-15 17:26:25,890] multiqc                                            [DEBUG  ]  No samples found: rseqc
[2019-01-15 17:26:25,894] multiqc                                            [DEBUG  ]  No samples found: busco
[2019-01-15 17:26:25,898] multiqc                                            [DEBUG  ]  No samples found: goleft_indexcov
[2019-01-15 17:26:25,902] multiqc                                            [DEBUG  ]  No samples found: disambiguate
[2019-01-15 17:26:25,906] multiqc                                            [DEBUG  ]  No samples found: supernova
[2019-01-15 17:26:25,912] multiqc                                            [DEBUG  ]  No samples found: deeptools
[2019-01-15 17:26:25,916] multiqc                                            [DEBUG  ]  No samples found: sargasso
[2019-01-15 17:26:25,920] multiqc                                            [DEBUG  ]  No samples found: verifybamid
[2019-01-15 17:26:25,924] multiqc                                            [DEBUG  ]  No samples found: mirtrace
[2019-01-15 17:26:25,928] multiqc                                            [DEBUG  ]  No samples found: happy
[2019-01-15 17:26:25,933] multiqc                                            [DEBUG  ]  No samples found: homer
[2019-01-15 17:26:25,937] multiqc                                            [DEBUG  ]  No samples found: macs2
[2019-01-15 17:26:25,941] multiqc                                            [DEBUG  ]  No samples found: theta2
[2019-01-15 17:26:25,945] multiqc                                            [DEBUG  ]  No samples found: snpeff
[2019-01-15 17:26:25,951] multiqc                                            [DEBUG  ]  No samples found: gatk
[2019-01-15 17:26:25,955] multiqc                                            [DEBUG  ]  No samples found: htseq
[2019-01-15 17:26:25,959] multiqc                                            [DEBUG  ]  No samples found: bcftools
[2019-01-15 17:26:25,964] multiqc                                            [DEBUG  ]  No samples found: featureCounts
[2019-01-15 17:26:25,968] multiqc                                            [DEBUG  ]  No samples found: dedup
[2019-01-15 17:26:25,976] multiqc                                            [DEBUG  ]  No samples found: picard
[2019-01-15 17:26:25,980] multiqc                                            [DEBUG  ]  No samples found: prokka
[2019-01-15 17:26:25,984] multiqc                                            [DEBUG  ]  No samples found: samblaster
[2019-01-15 17:26:25,990] multiqc                                            [DEBUG  ]  No samples found: samtools
[2019-01-15 17:26:25,994] multiqc                                            [DEBUG  ]  No samples found: bamtools
[2019-01-15 17:26:25,998] multiqc                                            [DEBUG  ]  No samples found: jellyfish
[2019-01-15 17:26:26,005] multiqc                                            [DEBUG  ]  No samples found: vcftools
[2019-01-15 17:26:26,010] multiqc                                            [DEBUG  ]  No samples found: longranger
[2019-01-15 17:26:26,017] multiqc                                            [DEBUG  ]  No samples found: bbmap
[2019-01-15 17:26:26,021] multiqc                                            [DEBUG  ]  No samples found: bismark
[2019-01-15 17:26:26,025] multiqc                                            [DEBUG  ]  No samples found: hicexplorer
[2019-01-15 17:26:26,030] multiqc                                            [DEBUG  ]  No samples found: hicup
[2019-01-15 17:26:26,034] multiqc                                            [DEBUG  ]  No samples found: hicpro
[2019-01-15 17:26:26,038] multiqc                                            [DEBUG  ]  No samples found: salmon
[2019-01-15 17:26:26,042] multiqc                                            [DEBUG  ]  No samples found: kallisto
[2019-01-15 17:26:26,046] multiqc                                            [DEBUG  ]  No samples found: slamdunk
[2019-01-15 17:26:26,050] multiqc                                            [DEBUG  ]  No samples found: star
[2019-01-15 17:26:26,054] multiqc                                            [DEBUG  ]  No samples found: hisat2
[2019-01-15 17:26:26,058] multiqc                                            [DEBUG  ]  No samples found: tophat
[2019-01-15 17:26:26,063] multiqc                                            [DEBUG  ]  No samples found: bowtie2
[2019-01-15 17:26:26,066] multiqc                                            [DEBUG  ]  No samples found: bowtie1
[2019-01-15 17:26:26,071] multiqc                                            [DEBUG  ]  No samples found: kat
[2019-01-15 17:26:26,075] multiqc                                            [DEBUG  ]  No samples found: leehom
[2019-01-15 17:26:26,079] multiqc                                            [DEBUG  ]  No samples found: adapterRemoval
[2019-01-15 17:26:26,083] multiqc                                            [DEBUG  ]  No samples found: clipandmerge
[2019-01-15 17:26:26,087] multiqc                                            [DEBUG  ]  No samples found: cutadapt
[2019-01-15 17:26:26,091] multiqc                                            [DEBUG  ]  No samples found: flexbar
[2019-01-15 17:26:26,096] multiqc                                            [DEBUG  ]  No samples found: trimmomatic
[2019-01-15 17:26:26,100] multiqc                                            [DEBUG  ]  No samples found: skewer
[2019-01-15 17:26:26,104] multiqc                                            [DEBUG  ]  No samples found: sortmerna
[2019-01-15 17:26:26,108] multiqc                                            [DEBUG  ]  No samples found: biobloomtools
[2019-01-15 17:26:26,112] multiqc                                            [DEBUG  ]  No samples found: fastq_screen
[2019-01-15 17:26:26,116] multiqc                                            [DEBUG  ]  No samples found: afterqc
[2019-01-15 17:26:26,120] multiqc                                            [DEBUG  ]  No samples found: fastp
[2019-01-15 17:26:26,229] multiqc.modules.fastqc.fastqc                      [INFO   ]  Found 20 reports
[2019-01-15 17:26:26,758] multiqc                                            [DEBUG  ]  No samples found: clusterflow
[2019-01-15 17:26:26,762] multiqc                                            [DEBUG  ]  No samples found: bcl2fastq
[2019-01-15 17:26:26,766] multiqc                                            [DEBUG  ]  No samples found: interop
[2019-01-15 17:26:26,809] multiqc                                            [INFO   ]  Compressing plot data
[2019-01-15 17:26:27,244] multiqc                                            [INFO   ]  Report      : multiqc_report.html
[2019-01-15 17:26:27,244] multiqc                                            [INFO   ]  Data        : multiqc_data
[2019-01-15 17:26:27,244] multiqc                                            [DEBUG  ]  Moving data file from '/tmp/tmpvy6x5y0i/multiqc_data/multiqc_data.json' to '/home/sromanick/work/trim/multiqc_data'
[2019-01-15 17:26:27,244] multiqc                                            [DEBUG  ]  Moving data file from '/tmp/tmpvy6x5y0i/multiqc_data/multiqc_fastqc.txt' to '/home/sromanick/work/trim/multiqc_data'
[2019-01-15 17:26:27,244] multiqc                                            [DEBUG  ]  Moving data file from '/tmp/tmpvy6x5y0i/multiqc_data/multiqc_general_stats.txt' to '/home/sromanick/work/trim/multiqc_data'
[2019-01-15 17:26:27,245] multiqc                                            [DEBUG  ]  Moving data file from '/tmp/tmpvy6x5y0i/multiqc_data/multiqc_sources.txt' to '/home/sromanick/work/trim/multiqc_data'
[2019-01-15 17:26:27,396] multiqc                                            [INFO   ]  MultiQC complete
